Application/build/outputs/apk/manifest-merger-debug-report.txt
-- Merging decision tree log ---
manifest
ADDED from AndroidManifest.xml:20:1
	package
		ADDED from AndroidManifest.xml:21:5
	android:versionName
		ADDED from AndroidManifest.xml:23:5
	android:versionCode
		ADDED from AndroidManifest.xml:22:5
		INJECTED from AndroidManifest.xml:0:0
		INJECTED from AndroidManifest.xml:0:0
	xmlns:android
		ADDED from AndroidManifest.xml:20:11
uses-feature#android.hardware.bluetooth_le
ADDED from AndroidManifest.xml:31:5
	android:required
		ADDED from AndroidManifest.xml:31:64
	android:name
		ADDED from AndroidManifest.xml:31:19
uses-feature#android.hardware.sensor.accelerometer
ADDED from AndroidManifest.xml:32:5
	android:required
		ADDED from AndroidManifest.xml:32:72
	android:name
		ADDED from AndroidManifest.xml:32:19
uses-feature#android.hardware.sensor.barometer
ADDED from AndroidManifest.xml:34:5
	android:required
		ADDED from AndroidManifest.xml:34:68
	android:name
		ADDED from AndroidManifest.xml:34:19
uses-feature#android.hardware.sensor.compass
ADDED from AndroidManifest.xml:35:5
	android:required
		ADDED from AndroidManifest.xml:35:66
	android:name
		ADDED from AndroidManifest.xml:35:19
uses-feature#android.hardware.location.gps
ADDED from AndroidManifest.xml:37:5
	android:required
		ADDED from AndroidManifest.xml:37:64
	android:name
		ADDED from AndroidManifest.xml:37:19
uses-permission#android.permission.BLUETOOTH
ADDED from AndroidManifest.xml:40:5
	android:name
		ADDED from AndroidManifest.xml:40:22
uses-permission#android.permission.BLUETOOTH_ADMIN
ADDED from AndroidManifest.xml:41:5
	android:name
		ADDED from AndroidManifest.xml:41:22
uses-permission#android.permission.INTERNET
ADDED from AndroidManifest.xml:43:5
	android:name
		ADDED from AndroidManifest.xml:43:22
uses-permission#android.permission.ACCESS_FINE_LOCATION
ADDED from AndroidManifest.xml:45:5
	android:name
		ADDED from AndroidManifest.xml:45:22
application
ADDED from AndroidManifest.xml:49:5
MERGED from com.android.support:support-v4:21.0.2:16:5
MERGED from com.android.support:support-v13:21.0.2:16:5
MERGED from com.android.support:support-v4:21.0.2:16:5
MERGED from com.android.support:cardview-v7:21.0.2:16:5
	android:label
		ADDED from AndroidManifest.xml:49:18
	android:icon
		ADDED from AndroidManifest.xml:50:9
	android:theme
		ADDED from AndroidManifest.xml:51:9
activity#com.example.android.bluetoothlegatt.DeviceScanActivity
ADDED from AndroidManifest.xml:52:9
	android:label
		ADDED from AndroidManifest.xml:53:13
	android:name
		ADDED from AndroidManifest.xml:52:19
intent-filter#android.intent.action.MAIN+android.intent.category.LAUNCHER
ADDED from AndroidManifest.xml:54:13
action#android.intent.action.MAIN
ADDED from AndroidManifest.xml:55:17
	android:name
		ADDED from AndroidManifest.xml:55:25
category#android.intent.category.LAUNCHER
ADDED from AndroidManifest.xml:56:17
	android:name
		ADDED from AndroidManifest.xml:56:27
activity#com.example.android.bluetoothlegatt.DeviceControlActivity
ADDED from AndroidManifest.xml:59:9
	android:name
		ADDED from AndroidManifest.xml:59:19
service#com.example.android.bluetoothlegatt.BluetoothLeService
ADDED from AndroidManifest.xml:60:9
	android:enabled
		ADDED from AndroidManifest.xml:60:53
	android:name
		ADDED from AndroidManifest.xml:60:18
uses-sdk
INJECTED from AndroidManifest.xml:0:0 reason: use-sdk injection requested
MERGED from com.android.support:support-v4:21.0.2:15:5
MERGED from com.android.support:support-v13:21.0.2:15:5
MERGED from com.android.support:support-v4:21.0.2:15:5
MERGED from com.android.support:cardview-v7:21.0.2:15:5
	android:targetSdkVersion
		INJECTED from AndroidManifest.xml:0:0
		INJECTED from AndroidManifest.xml:0:0
	android:minSdkVersion
		INJECTED from AndroidManifest.xml:0:0
		INJECTED from AndroidManifest.xml:0:0